<?xml version="1.0" encoding="UTF-8"?>
<!-- Generated by org.testng.reporters.JUnitReportReporter -->
<testsuite hostname="DESKTOP-5OJ7UIU" name="com.occall.ui.loginOccall2" tests="1" failures="0" timestamp="1 Mar 2017 06:53:15 GMT" time="3.562" errors="0">
  <testcase name="plus" time="3.562" classname="com.occall.ui.loginOccall2"/>
</testsuite> <!-- com.occall.ui.loginOccall2 -->
